==============================================================
Vitis HLS - High-Level Synthesis from C, C++ and OpenCL v2022.1 (64-bit)
Tool Version Limit: 2022.04
Copyright 1986-2022 Xilinx, Inc. All Rights Reserved.
==============================================================
==============================================================
Vitis HLS - High-Level Synthesis from C, C++ and OpenCL v2022.1 (64-bit)
Tool Version Limit: 2022.04
Copyright 1986-2022 Xilinx, Inc. All Rights Reserved.
==============================================================
INFO: [SYN 201-201] Setting up clock 'default' with a period of 10ns.
INFO: [HLS 200-1611] Setting target device to 'xck26-sfvc784-2LV-c'
INFO: [HLS 200-1505] Using flow_target 'vivado'
INFO: [HLS 200-1510] Running: set_part xck26-sfvc784-2LV-c 
INFO: [HLS 200-1510] Running: create_clock -period 10 -name default 
INFO: [HLS 200-1510] Running: source ./firn11_maxi_ip/solution1/directives.tcl
INFO: [HLS 200-1510] Running: set_directive_interface -mode s_axilite fir_n11_maxi 
INFO: [HLS 200-1510] Running: set_directive_interface -mode m_axi -depth 600 -offset slave fir_n11_maxi pn32HPInput 
INFO: [HLS 200-1510] Running: set_directive_interface -mode m_axi -depth 600 -offset slave fir_n11_maxi pn32HPOutput 
INFO: [HLS 200-1510] Running: set_directive_interface -mode s_axilite fir_n11_maxi an32Coef 
INFO: [HLS 200-1510] Running: set_directive_interface -mode s_axilite fir_n11_maxi regXferLeng 
INFO: [HLS 200-1510] Running: csynth_design 
INFO: [HLS 200-111] Finished File checks and directory preparation: CPU user time: 0 seconds. CPU system time: 0 seconds. Elapsed time: 0 seconds; current allocated memory: 1.461 GB.
INFO: [HLS 200-10] Analyzing design file 'hls_FIRN11MAXI/FIR.cpp' ... 
INFO: [HLS 200-111] Finished Source Code Analysis and Preprocessing: CPU user time: 1.97 seconds. CPU system time: 1.19 seconds. Elapsed time: 3.88 seconds; current allocated memory: 462.523 MB.
INFO: [HLS 200-777] Using interface defaults for 'Vivado' flow target.
INFO: [HLS 200-111] Finished Compiling Optimization and Transform: CPU user time: 2.71 seconds. CPU system time: 0.5 seconds. Elapsed time: 3.6 seconds; current allocated memory: 463.148 MB.
INFO: [HLS 200-111] Finished Checking Pragmas: CPU user time: 0 seconds. CPU system time: 0 seconds. Elapsed time: 0 seconds; current allocated memory: 463.148 MB.
INFO: [HLS 200-10] Starting code transformations ...
INFO: [HLS 200-111] Finished Standard Transforms: CPU user time: 0 seconds. CPU system time: 0.03 seconds. Elapsed time: 0.08 seconds; current allocated memory: 465.840 MB.
INFO: [HLS 200-10] Checking synthesizability ...
INFO: [HLS 200-111] Finished Checking Synthesizability: CPU user time: 0 seconds. CPU system time: 0.03 seconds. Elapsed time: 0.03 seconds; current allocated memory: 469.094 MB.
INFO: [XFORM 203-510] Pipelining loop 'XFER_LOOP' (hls_FIRN11MAXI/FIR.cpp:12) in function 'fir_n11_maxi' automatically.
INFO: [XFORM 203-502] Unrolling all sub-loops inside loop 'XFER_LOOP' (hls_FIRN11MAXI/FIR.cpp:12) in function 'fir_n11_maxi' for pipelining.
INFO: [HLS 200-489] Unrolling loop 'SHIFT_ACC_LOOP' (hls_FIRN11MAXI/FIR.cpp:7) in function 'fir_n11_maxi' completely with a factor of 11.
INFO: [XFORM 203-102] Partitioning array 'an32ShiftReg' automatically.
INFO: [XFORM 203-11] Balancing expressions in function 'fir_n11_maxi' (hls_FIRN11MAXI/FIR.cpp:4)...10 expression(s) balanced.
INFO: [HLS 200-111] Finished Loop, function and other optimizations: CPU user time: 0.04 seconds. CPU system time: 0.02 seconds. Elapsed time: 0.1 seconds; current allocated memory: 494.613 MB.
INFO: [HLS 200-444] Inferring multiple bus burst read of variable length on port 'gmem' (hls_FIRN11MAXI/FIR.cpp:18:13). These data requests might be further partitioned to multiple requests during RTL generation, based on max_read_burst_length or max_write_burst_length settings.
INFO: [HLS 200-444] Inferring multiple bus burst write of variable length on port 'gmem' (hls_FIRN11MAXI/FIR.cpp:30:28). These data requests might be further partitioned to multiple requests during RTL generation, based on max_read_burst_length or max_write_burst_length settings.
INFO: [HLS 200-111] Finished Architecture Synthesis: CPU user time: 0.02 seconds. CPU system time: 0.02 seconds. Elapsed time: 0.06 seconds; current allocated memory: 496.082 MB.
INFO: [HLS 200-10] Starting hardware synthesis ...
INFO: [HLS 200-10] Synthesizing 'fir_n11_maxi' ...
INFO: [HLS 200-10] ----------------------------------------------------------------
INFO: [HLS 200-42] -- Implementing module 'fir_n11_maxi_Pipeline_XFER_LOOP' 
INFO: [HLS 200-10] ----------------------------------------------------------------
INFO: [SCHED 204-11] Starting scheduling ...
INFO: [SCHED 204-61] Pipelining loop 'XFER_LOOP'.
INFO: [HLS 200-1470] Pipelining result : Target II = NA, Final II = 1, Depth = 4, loop 'XFER_LOOP'
INFO: [SCHED 204-11] Finished scheduling.
INFO: [HLS 200-111] Finished Scheduling: CPU user time: 0.04 seconds. CPU system time: 0.09 seconds. Elapsed time: 0.2 seconds; current allocated memory: 497.914 MB.
INFO: [BIND 205-100] Starting micro-architecture generation ...
INFO: [BIND 205-101] Performing variable lifetime analysis.
INFO: [BIND 205-101] Exploring resource sharing.
INFO: [BIND 205-101] Binding ...
INFO: [BIND 205-100] Finished micro-architecture generation.
INFO: [HLS 200-111] Finished Binding: CPU user time: 0.07 seconds. CPU system time: 0.01 seconds. Elapsed time: 0.11 seconds; current allocated memory: 497.914 MB.
INFO: [HLS 200-10] ----------------------------------------------------------------
INFO: [HLS 200-42] -- Implementing module 'fir_n11_maxi' 
INFO: [HLS 200-10] ----------------------------------------------------------------
INFO: [SCHED 204-11] Starting scheduling ...
INFO: [SCHED 204-11] Finished scheduling.
INFO: [HLS 200-111] Finished Scheduling: CPU user time: 0.1 seconds. CPU system time: 0 seconds. Elapsed time: 0.1 seconds; current allocated memory: 498.258 MB.
INFO: [BIND 205-100] Starting micro-architecture generation ...
INFO: [BIND 205-101] Performing variable lifetime analysis.
INFO: [BIND 205-101] Exploring resource sharing.
INFO: [BIND 205-101] Binding ...
INFO: [BIND 205-100] Finished micro-architecture generation.
INFO: [HLS 200-111] Finished Binding: CPU user time: 0.07 seconds. CPU system time: 0 seconds. Elapsed time: 0.07 seconds; current allocated memory: 498.258 MB.
INFO: [HLS 200-10] ----------------------------------------------------------------
INFO: [HLS 200-10] -- Generating RTL for module 'fir_n11_maxi_Pipeline_XFER_LOOP' 
INFO: [HLS 200-10] ----------------------------------------------------------------
WARNING: [RTGEN 206-101] Register 'an32ShiftReg_9' is power-on initialization.
WARNING: [RTGEN 206-101] Register 'an32ShiftReg_8' is power-on initialization.
WARNING: [RTGEN 206-101] Register 'an32ShiftReg_7' is power-on initialization.
WARNING: [RTGEN 206-101] Register 'an32ShiftReg_6' is power-on initialization.
WARNING: [RTGEN 206-101] Register 'an32ShiftReg_5' is power-on initialization.
WARNING: [RTGEN 206-101] Register 'an32ShiftReg_4' is power-on initialization.
WARNING: [RTGEN 206-101] Register 'an32ShiftReg_3' is power-on initialization.
WARNING: [RTGEN 206-101] Register 'an32ShiftReg_2' is power-on initialization.
WARNING: [RTGEN 206-101] Register 'an32ShiftReg_1' is power-on initialization.
WARNING: [RTGEN 206-101] Register 'an32ShiftReg_0' is power-on initialization.
INFO: [RTGEN 206-100] Generating core module 'mul_32s_32s_32_1_1': 11 instance(s).
INFO: [RTGEN 206-100] Finished creating RTL model for 'fir_n11_maxi_Pipeline_XFER_LOOP'.
INFO: [HLS 200-111] Finished Creating RTL model: CPU user time: 0.08 seconds. CPU system time: 0 seconds. Elapsed time: 0.12 seconds; current allocated memory: 498.543 MB.
INFO: [HLS 200-10] ----------------------------------------------------------------
INFO: [HLS 200-10] -- Generating RTL for module 'fir_n11_maxi' 
INFO: [HLS 200-10] ----------------------------------------------------------------
WARNING: [RTGEN 206-101] Design contains AXI ports. Reset is fixed to synchronous and active low.
INFO: [RTGEN 206-500] Setting interface mode on port 'fir_n11_maxi/gmem' to 'm_axi'.
INFO: [RTGEN 206-500] Setting interface mode on port 'fir_n11_maxi/pn32HPInput' to 's_axilite & ap_none'.
INFO: [RTGEN 206-500] Setting interface mode on port 'fir_n11_maxi/pn32HPOutput' to 's_axilite & ap_none'.
INFO: [RTGEN 206-500] Setting interface mode on port 'fir_n11_maxi/an32Coef' to 's_axilite & ap_memory'.
INFO: [RTGEN 206-500] Setting interface mode on port 'fir_n11_maxi/regXferLeng' to 's_axilite & ap_none'.
INFO: [RTGEN 206-500] Setting interface mode on function 'fir_n11_maxi' to 's_axilite & ap_ctrl_hs'.
==============================================================
Vitis HLS - High-Level Synthesis from C, C++ and OpenCL v2022.1 (64-bit)
Tool Version Limit: 2022.04
Copyright 1986-2022 Xilinx, Inc. All Rights Reserved.
==============================================================
==============================================================
Vitis HLS - High-Level Synthesis from C, C++ and OpenCL v2022.1 (64-bit)
Tool Version Limit: 2022.04
Copyright 1986-2022 Xilinx, Inc. All Rights Reserved.
==============================================================
INFO: [SYN 201-201] Setting up clock 'default' with a period of 10ns.
INFO: [HLS 200-1611] Setting target device to 'xck26-sfvc784-2LV-c'
INFO: [HLS 200-1505] Using flow_target 'vivado'
INFO: [HLS 200-1510] Running: set_part xck26-sfvc784-2LV-c 
INFO: [HLS 200-1510] Running: create_clock -period 10 -name default 
INFO: [HLS 200-1510] Running: source ./firn11_maxi_ip/solution1/directives.tcl
INFO: [HLS 200-1510] Running: set_directive_interface -mode s_axilite fir_n11_maxi 
INFO: [HLS 200-1510] Running: set_directive_interface -mode m_axi -depth 600 -offset slave fir_n11_maxi pn32HPInput 
INFO: [HLS 200-1510] Running: set_directive_interface -mode m_axi -depth 600 -offset slave fir_n11_maxi pn32HPOutput 
INFO: [HLS 200-1510] Running: set_directive_interface -mode s_axilite fir_n11_maxi an32Coef 
INFO: [HLS 200-1510] Running: set_directive_interface -mode s_axilite fir_n11_maxi regXferLeng 
INFO: [HLS 200-1510] Running: csynth_design 
INFO: [HLS 200-111] Finished File checks and directory preparation: CPU user time: 0 seconds. CPU system time: 0 seconds. Elapsed time: 0 seconds; current allocated memory: 1.461 GB.
INFO: [HLS 200-10] Analyzing design file 'hls_FIRN11MAXI/FIR.cpp' ... 
INFO: [HLS 200-111] Finished Source Code Analysis and Preprocessing: CPU user time: 2.34 seconds. CPU system time: 0.86 seconds. Elapsed time: 3.26 seconds; current allocated memory: 462.508 MB.
INFO: [HLS 200-777] Using interface defaults for 'Vivado' flow target.
INFO: [HLS 200-111] Finished Compiling Optimization and Transform: CPU user time: 1.67 seconds. CPU system time: 1.11 seconds. Elapsed time: 2.81 seconds; current allocated memory: 463.227 MB.
INFO: [HLS 200-111] Finished Checking Pragmas: CPU user time: 0 seconds. CPU system time: 0 seconds. Elapsed time: 0 seconds; current allocated memory: 463.227 MB.
INFO: [HLS 200-10] Starting code transformations ...
INFO: [HLS 200-111] Finished Standard Transforms: CPU user time: 0.02 seconds. CPU system time: 0 seconds. Elapsed time: 0.01 seconds; current allocated memory: 465.895 MB.
INFO: [HLS 200-10] Checking synthesizability ...
INFO: [HLS 200-111] Finished Checking Synthesizability: CPU user time: 0.02 seconds. CPU system time: 0 seconds. Elapsed time: 0.03 seconds; current allocated memory: 469.145 MB.
INFO: [XFORM 203-510] Pipelining loop 'XFER_LOOP' (hls_FIRN11MAXI/FIR.cpp:12) in function 'fir_n11_maxi' automatically.
INFO: [XFORM 203-502] Unrolling all sub-loops inside loop 'XFER_LOOP' (hls_FIRN11MAXI/FIR.cpp:12) in function 'fir_n11_maxi' for pipelining.
INFO: [HLS 200-489] Unrolling loop 'SHIFT_ACC_LOOP' (hls_FIRN11MAXI/FIR.cpp:7) in function 'fir_n11_maxi' completely with a factor of 11.
INFO: [XFORM 203-102] Partitioning array 'an32ShiftReg' automatically.
INFO: [XFORM 203-11] Balancing expressions in function 'fir_n11_maxi' (hls_FIRN11MAXI/FIR.cpp:4)...10 expression(s) balanced.
INFO: [HLS 200-111] Finished Loop, function and other optimizations: CPU user time: 0.05 seconds. CPU system time: 0.01 seconds. Elapsed time: 0.06 seconds; current allocated memory: 494.547 MB.
INFO: [HLS 200-444] Inferring multiple bus burst read of variable length on port 'gmem' (hls_FIRN11MAXI/FIR.cpp:18:13). These data requests might be further partitioned to multiple requests during RTL generation, based on max_read_burst_length or max_write_burst_length settings.
INFO: [HLS 200-444] Inferring multiple bus burst write of variable length on port 'gmem' (hls_FIRN11MAXI/FIR.cpp:30:28). These data requests might be further partitioned to multiple requests during RTL generation, based on max_read_burst_length or max_write_burst_length settings.
INFO: [HLS 200-111] Finished Architecture Synthesis: CPU user time: 0.04 seconds. CPU system time: 0 seconds. Elapsed time: 0.04 seconds; current allocated memory: 496.125 MB.
INFO: [HLS 200-10] Starting hardware synthesis ...
INFO: [HLS 200-10] Synthesizing 'fir_n11_maxi' ...
INFO: [HLS 200-10] ----------------------------------------------------------------
INFO: [HLS 200-42] -- Implementing module 'fir_n11_maxi_Pipeline_XFER_LOOP' 
INFO: [HLS 200-10] ----------------------------------------------------------------
INFO: [SCHED 204-11] Starting scheduling ...
INFO: [SCHED 204-61] Pipelining loop 'XFER_LOOP'.
INFO: [HLS 200-1470] Pipelining result : Target II = NA, Final II = 1, Depth = 4, loop 'XFER_LOOP'
INFO: [SCHED 204-11] Finished scheduling.
INFO: [HLS 200-111] Finished Scheduling: CPU user time: 0.11 seconds. CPU system time: 0.02 seconds. Elapsed time: 0.14 seconds; current allocated memory: 497.926 MB.
INFO: [BIND 205-100] Starting micro-architecture generation ...
INFO: [BIND 205-101] Performing variable lifetime analysis.
INFO: [BIND 205-101] Exploring resource sharing.
INFO: [BIND 205-101] Binding ...
INFO: [BIND 205-100] Finished micro-architecture generation.
INFO: [HLS 200-111] Finished Binding: CPU user time: 0.08 seconds. CPU system time: 0 seconds. Elapsed time: 0.08 seconds; current allocated memory: 497.926 MB.
INFO: [HLS 200-10] ----------------------------------------------------------------
INFO: [HLS 200-42] -- Implementing module 'fir_n11_maxi' 
INFO: [HLS 200-10] ----------------------------------------------------------------
INFO: [SCHED 204-11] Starting scheduling ...
INFO: [SCHED 204-11] Finished scheduling.
INFO: [HLS 200-111] Finished Scheduling: CPU user time: 0.09 seconds. CPU system time: 0 seconds. Elapsed time: 0.1 seconds; current allocated memory: 498.281 MB.
INFO: [BIND 205-100] Starting micro-architecture generation ...
INFO: [BIND 205-101] Performing variable lifetime analysis.
INFO: [BIND 205-101] Exploring resource sharing.
INFO: [BIND 205-101] Binding ...
INFO: [BIND 205-100] Finished micro-architecture generation.
INFO: [HLS 200-111] Finished Binding: CPU user time: 0.07 seconds. CPU system time: 0 seconds. Elapsed time: 0.07 seconds; current allocated memory: 498.281 MB.
INFO: [HLS 200-10] ----------------------------------------------------------------
INFO: [HLS 200-10] -- Generating RTL for module 'fir_n11_maxi_Pipeline_XFER_LOOP' 
INFO: [HLS 200-10] ----------------------------------------------------------------
WARNING: [RTGEN 206-101] Register 'an32ShiftReg_9' is power-on initialization.
WARNING: [RTGEN 206-101] Register 'an32ShiftReg_8' is power-on initialization.
WARNING: [RTGEN 206-101] Register 'an32ShiftReg_7' is power-on initialization.
WARNING: [RTGEN 206-101] Register 'an32ShiftReg_6' is power-on initialization.
WARNING: [RTGEN 206-101] Register 'an32ShiftReg_5' is power-on initialization.
WARNING: [RTGEN 206-101] Register 'an32ShiftReg_4' is power-on initialization.
WARNING: [RTGEN 206-101] Register 'an32ShiftReg_3' is power-on initialization.
WARNING: [RTGEN 206-101] Register 'an32ShiftReg_2' is power-on initialization.
WARNING: [RTGEN 206-101] Register 'an32ShiftReg_1' is power-on initialization.
WARNING: [RTGEN 206-101] Register 'an32ShiftReg_0' is power-on initialization.
INFO: [RTGEN 206-100] Generating core module 'mul_32s_32s_32_1_1': 11 instance(s).
INFO: [RTGEN 206-100] Finished creating RTL model for 'fir_n11_maxi_Pipeline_XFER_LOOP'.
INFO: [HLS 200-111] Finished Creating RTL model: CPU user time: 0.08 seconds. CPU system time: 0 seconds. Elapsed time: 0.09 seconds; current allocated memory: 498.566 MB.
INFO: [HLS 200-10] ----------------------------------------------------------------
INFO: [HLS 200-10] -- Generating RTL for module 'fir_n11_maxi' 
INFO: [HLS 200-10] ----------------------------------------------------------------
WARNING: [RTGEN 206-101] Design contains AXI ports. Reset is fixed to synchronous and active low.
INFO: [RTGEN 206-500] Setting interface mode on port 'fir_n11_maxi/gmem' to 'm_axi'.
INFO: [RTGEN 206-500] Setting interface mode on port 'fir_n11_maxi/pn32HPInput' to 's_axilite & ap_none'.
INFO: [RTGEN 206-500] Setting interface mode on port 'fir_n11_maxi/pn32HPOutput' to 's_axilite & ap_none'.
INFO: [RTGEN 206-500] Setting interface mode on port 'fir_n11_maxi/an32Coef' to 's_axilite & ap_memory'.
INFO: [RTGEN 206-500] Setting interface mode on port 'fir_n11_maxi/regXferLeng' to 's_axilite & ap_none'.
INFO: [RTGEN 206-500] Setting interface mode on function 'fir_n11_maxi' to 's_axilite & ap_ctrl_hs'.
==============================================================
Vitis HLS - High-Level Synthesis from C, C++ and OpenCL v2022.1 (64-bit)
Tool Version Limit: 2022.04
Copyright 1986-2022 Xilinx, Inc. All Rights Reserved.
==============================================================
